--(a)
SQL> select deptname from dept where deptid = (select deptId from employee where fname = 'Jinku');

DEPTNAME                                                                        
------------                                                                    
Sales                                                                           

SQL> 
SQL> 
SQL> --(b)
SQL> select LName ||', '|| FName as FullName from employee
  2  where employeeId = (select supervisor from employee where employeeid = 433);

FULLNAME                                                                        
--------------------------------                                                
Dev, Derek                                                                      

SQL> 
SQL> 
SQL> --(c)
SQL> SELECT * FROM employee where qualid = (select qualid from employee where LName = 'Garner');

EMPLOYEEID LNAME           FNAME           POSITIONID SUPERVISOR HIREDATE       
---------- --------------- --------------- ---------- ---------- ---------      
    SALARY COMMISSION     DEPTID     QUALID                                     
---------- ---------- ---------- ----------                                     
       135 Garner          Stanley                  2        111 29-FEB-96      
     45000       5000         30          5                                     
                                                                                

SQL> --only Stanley Garner himself.
SQL> 
SQL> 
SQL> --(d)
SQL> select * from dept
  2  where deptid = (
  3    select deptid from employee group by deptid
  4    having count(*) > (select count(*) from employee where deptid = 20 group by deptid)
  5  );

    DEPTID DEPTNAME     LOCATION        EMPLOYEEID                              
---------- ------------ --------------- ----------                              
        10 Finance      Charlotte              123                              

SQL> 
SQL> 
SQL> --(e)
SQL> select LNAME ||', '||FNAME AS "Employee Name" from EMPLOYEE where hiredate < (select hiredate from employee where LNAME = 'Houston');

Employee Name                                                                   
--------------------------------                                                
Smith, John                                                                     

SQL> 
SQL> 
SQL> --(f)
SQL> select * from employee where deptid = (select deptid from dept where deptname = 'Sales');

EMPLOYEEID LNAME           FNAME           POSITIONID SUPERVISOR HIREDATE       
---------- --------------- --------------- ---------- ---------- ---------      
    SALARY COMMISSION     DEPTID     QUALID                                     
---------- ---------- ---------- ----------                                     
       200 Shaw            Jinku                    5        135 03-JAN-00      
     24500       3000         30                                                
                                                                                
       135 Garner          Stanley                  2        111 29-FEB-96      
     45000       5000         30          5                                     
                                                                                

SQL> 
SQL> 
SQL> --(g)
SQL> create table EMP30
  2  as
  3  select employeeid,lname,fname,hiredate,salary from employee where deptid = 30;

Table created.

SQL> 
SQL> select * from emp30;

EMPLOYEEID LNAME           FNAME           HIREDATE      SALARY                 
---------- --------------- --------------- --------- ----------                 
       200 Shaw            Jinku           03-JAN-00      24500                 
       135 Garner          Stanley         29-FEB-96      45000                 

SQL> 
SQL> 
SQL> --(h)
SQL> insert into emp30
  2  select employeeid,lname,fname,hiredate,null as salary from employee where deptid = 40;

1 row created.

SQL> 
SQL> select * from emp30;

EMPLOYEEID LNAME           FNAME           HIREDATE      SALARY                 
---------- --------------- --------------- --------- ----------                 
       200 Shaw            Jinku           03-JAN-00      24500                 
       135 Garner          Stanley         29-FEB-96      45000                 
       246 Houston         Larry           19-MAY-67                            

SQL> 
SQL> 
SQL> --(i)
SQL> merge into emp30 e
  2  using (select Employeeid ,lname,fname,hiredate, salary from employee) oe
  3  on (e.employeeid = oe.employeeid)
  4  when matched then update set e.salary = oe.salary
  5  when not matched then insert (e.employeeid,e.lname,e.fname,e.hiredate,e.salary) values (oe.employeeid,oe.lname,oe.fname,oe.hiredate,oe.salary);

8 rows merged.

SQL> 
SQL> 
SQL> --(j)
SQL> select * from employee e inner join ( select deptid , MIN(salary) as min_salary from employee group by deptid) m
  2  on e.deptid = m.deptid and e.salary = m.min_salary;

EMPLOYEEID LNAME           FNAME           POSITIONID SUPERVISOR HIREDATE       
---------- --------------- --------------- ---------- ---------- ---------      
    SALARY COMMISSION     DEPTID     QUALID     DEPTID MIN_SALARY               
---------- ---------- ---------- ---------- ---------- ----------               
       246 Houston         Larry                    2        111 19-MAY-67      
    150000      10000         40          2         40     150000               
                                                                                
       433 McCall          Alex                     3        543 10-MAY-97      
     66500                    20          4         20      66500               
                                                                                
       200 Shaw            Jinku                    5        135 03-JAN-00      
     24500       3000         30                    30      24500               
                                                                                

EMPLOYEEID LNAME           FNAME           POSITIONID SUPERVISOR HIREDATE       
---------- --------------- --------------- ---------- ---------- ---------      
    SALARY COMMISSION     DEPTID     QUALID     DEPTID MIN_SALARY               
---------- ---------- ---------- ---------- ---------- ----------               
       222 Chen            Sunny                    4        123 15-AUG-99      
     35000                    10          3         10      35000               
                                                                                

SQL> 
SQL> 
SQL> --(k)
SQL> select * from dependent where employeeid in (select employeeid from employee where deptid = (select deptid from dept where deptname = 'Finance'));

EMPLOYEEID DEPENDENTID DEPDOB    RELATION                                       
---------- ----------- --------- --------                                       
       222           1 04-FEB-75 Spouse                                         
       222           2 23-AUG-97 Son                                            
       222           3 10-JUL-99 Daughter                                       
       111           1 12-DEC-45 Spouse                                         

SQL> 
SQL> 
SQL> --(l)
SQL> select employeeid from employee
  2  minus
  3  select employeeid from dependent;

EMPLOYEEID                                                                      
----------                                                                      
       123                                                                      
       135                                                                      
       246                                                                      
       433                                                                      

SQL> 
SQL> 
SQL> --(m)
SQL> select * from employee e1 where employeeid = 543 and salary = any(select avg(salary) from employee e2 where e1.deptid = e2.deptid  group by deptid);

no rows selected

SQL> select * from employee e1 where employeeid = 543 and salary < any(select avg(salary) from employee e2 where e1.deptid = e2.deptid  group by deptid);

no rows selected

SQL> select * from employee e1 where employeeid = 543 and salary > any(select avg(salary) from employee e2 where e1.deptid = e2.deptid  group by deptid);

EMPLOYEEID LNAME           FNAME           POSITIONID SUPERVISOR HIREDATE       
---------- --------------- --------------- ---------- ---------- ---------      
    SALARY COMMISSION     DEPTID     QUALID                                     
---------- ---------- ---------- ----------                                     
       543 Dev             Derek                    2        111 15-MAR-95      
     80000      20000         20          1                                     
                                                                                

SQL> select * from employee e1 where employeeid = 543 and salary < all(select avg(salary) from employee e2 where e1.deptid = e2.deptid  group by deptid);

no rows selected

SQL> select * from employee e1 where employeeid = 543 and salary > all(select avg(salary) from employee e2 where e1.deptid = e2.deptid  group by deptid);

EMPLOYEEID LNAME           FNAME           POSITIONID SUPERVISOR HIREDATE       
---------- --------------- --------------- ---------- ---------- ---------      
    SALARY COMMISSION     DEPTID     QUALID                                     
---------- ---------- ---------- ----------                                     
       543 Dev             Derek                    2        111 15-MAR-95      
     80000      20000         20          1                                     
                                                                                

SQL> 
SQL> 
SQL> 
SQL> 
SQL> 
SQL> 
SQL> 
SQL> 
SQL> 
SQL> 
